{"/Users/phungngo/Desktop/Makpar-1/CodeCommit/innolab-frontend/frontend/src/App.js": {"path":"/Users/phungngo/Desktop/Makpar-1/CodeCommit/innolab-frontend/frontend/src/App.js","statementMap":{"0":{"start":{"line":9,"column":23},"end":{"line":9,"column":44}},"1":{"start":{"line":12,"column":26},"end":{"line":12,"column":42}},"2":{"start":{"line":14,"column":4},"end":{"line":14,"column":18}},"3":{"start":{"line":17,"column":2},"end":{"line":36,"column":3}}},"fnMap":{"0":{"name":"App","decl":{"start":{"line":11,"column":9},"end":{"line":11,"column":12}},"loc":{"start":{"line":11,"column":16},"end":{"line":37,"column":1}},"line":11},"1":{"name":"updatePage","decl":{"start":{"line":13,"column":11},"end":{"line":13,"column":21}},"loc":{"start":{"line":13,"column":30},"end":{"line":15,"column":3}},"line":13}},"branchMap":{},"s":{"0":0,"1":0,"2":0,"3":0},"f":{"0":0,"1":0},"b":{}}
,"/Users/phungngo/Desktop/Makpar-1/CodeCommit/innolab-frontend/frontend/src/index.js": {"path":"/Users/phungngo/Desktop/Makpar-1/CodeCommit/innolab-frontend/frontend/src/index.js","statementMap":{},"fnMap":{},"branchMap":{},"s":{},"f":{},"b":{}}
,"/Users/phungngo/Desktop/Makpar-1/CodeCommit/innolab-frontend/frontend/src/webpack-public-path.js": {"path":"/Users/phungngo/Desktop/Makpar-1/CodeCommit/innolab-frontend/frontend/src/webpack-public-path.js","statementMap":{},"fnMap":{},"branchMap":{},"s":{},"f":{},"b":{}}
,"/Users/phungngo/Desktop/Makpar-1/CodeCommit/innolab-frontend/frontend/src/actions/index.js": {"path":"/Users/phungngo/Desktop/Makpar-1/CodeCommit/innolab-frontend/frontend/src/actions/index.js","statementMap":{"0":{"start":{"line":13,"column":30},"end":{"line":33,"column":1}},"1":{"start":{"line":14,"column":2},"end":{"line":32,"column":4}},"2":{"start":{"line":15,"column":4},"end":{"line":15,"column":49}},"3":{"start":{"line":17,"column":4},"end":{"line":31,"column":5}},"4":{"start":{"line":18,"column":26},"end":{"line":18,"column":52}},"5":{"start":{"line":20,"column":6},"end":{"line":28,"column":7}},"6":{"start":{"line":21,"column":8},"end":{"line":21,"column":80}},"7":{"start":{"line":23,"column":8},"end":{"line":27,"column":11}},"8":{"start":{"line":30,"column":6},"end":{"line":30,"column":66}}},"fnMap":{"0":{"name":"(anonymous_0)","decl":{"start":{"line":13,"column":30},"end":{"line":13,"column":31}},"loc":{"start":{"line":13,"column":36},"end":{"line":33,"column":1}},"line":13},"1":{"name":"(anonymous_1)","decl":{"start":{"line":14,"column":9},"end":{"line":14,"column":10}},"loc":{"start":{"line":14,"column":29},"end":{"line":32,"column":3}},"line":14}},"branchMap":{"0":{"loc":{"start":{"line":20,"column":6},"end":{"line":28,"column":7}},"type":"if","locations":[{"start":{"line":20,"column":6},"end":{"line":28,"column":7}},{"start":{"line":22,"column":13},"end":{"line":28,"column":7}}],"line":20},"1":{"loc":{"start":{"line":20,"column":10},"end":{"line":20,"column":39}},"type":"binary-expr","locations":[{"start":{"line":20,"column":10},"end":{"line":20,"column":21}},{"start":{"line":20,"column":25},"end":{"line":20,"column":39}}],"line":20}},"s":{"0":2,"1":1,"2":1,"3":1,"4":1,"5":1,"6":1,"7":0,"8":0},"f":{"0":1,"1":1},"b":{"0":[1,0],"1":[1,1]},"_coverageSchema":"1a1c01bbd47fc00a2c39e90264f33305004495a9","hash":"0a5b089499811a86202759d268ccb5db7e86c6fe"}
,"/Users/phungngo/Desktop/Makpar-1/CodeCommit/innolab-frontend/frontend/src/api/MainApi.js": {"path":"/Users/phungngo/Desktop/Makpar-1/CodeCommit/innolab-frontend/frontend/src/api/MainApi.js","statementMap":{"0":{"start":{"line":4,"column":24},"end":{"line":6,"column":2}},"1":{"start":{"line":15,"column":4},"end":{"line":27,"column":7}},"2":{"start":{"line":16,"column":6},"end":{"line":26,"column":11}},"3":{"start":{"line":18,"column":10},"end":{"line":22,"column":11}},"4":{"start":{"line":19,"column":12},"end":{"line":19,"column":35}},"5":{"start":{"line":21,"column":12},"end":{"line":21,"column":92}},"6":{"start":{"line":25,"column":10},"end":{"line":25,"column":24}}},"fnMap":{"0":{"name":"(anonymous_0)","decl":{"start":{"line":14,"column":2},"end":{"line":14,"column":3}},"loc":{"start":{"line":14,"column":26},"end":{"line":28,"column":3}},"line":14},"1":{"name":"(anonymous_1)","decl":{"start":{"line":15,"column":24},"end":{"line":15,"column":25}},"loc":{"start":{"line":15,"column":45},"end":{"line":27,"column":5}},"line":15},"2":{"name":"(anonymous_2)","decl":{"start":{"line":17,"column":15},"end":{"line":17,"column":16}},"loc":{"start":{"line":17,"column":29},"end":{"line":23,"column":9}},"line":17},"3":{"name":"(anonymous_3)","decl":{"start":{"line":24,"column":16},"end":{"line":24,"column":17}},"loc":{"start":{"line":24,"column":27},"end":{"line":26,"column":9}},"line":24}},"branchMap":{"0":{"loc":{"start":{"line":18,"column":10},"end":{"line":22,"column":11}},"type":"if","locations":[{"start":{"line":18,"column":10},"end":{"line":22,"column":11}},{"start":{"line":20,"column":17},"end":{"line":22,"column":11}}],"line":18}},"s":{"0":3,"1":1,"2":1,"3":1,"4":1,"5":0,"6":0},"f":{"0":1,"1":1,"2":1,"3":0},"b":{"0":[1,0]},"_coverageSchema":"1a1c01bbd47fc00a2c39e90264f33305004495a9","hash":"379f6cabd50207dbeb316ac812983f7df3f842c3"}
,"/Users/phungngo/Desktop/Makpar-1/CodeCommit/innolab-frontend/frontend/src/api/MockApi.js": {"path":"/Users/phungngo/Desktop/Makpar-1/CodeCommit/innolab-frontend/frontend/src/api/MockApi.js","statementMap":{"0":{"start":{"line":17,"column":4},"end":{"line":34,"column":7}},"1":{"start":{"line":18,"column":6},"end":{"line":33,"column":16}},"2":{"start":{"line":19,"column":8},"end":{"line":32,"column":9}},"3":{"start":{"line":20,"column":10},"end":{"line":29,"column":11}},"4":{"start":{"line":21,"column":12},"end":{"line":21,"column":46}},"5":{"start":{"line":22,"column":17},"end":{"line":29,"column":11}},"6":{"start":{"line":23,"column":12},"end":{"line":23,"column":45}},"7":{"start":{"line":24,"column":17},"end":{"line":29,"column":11}},"8":{"start":{"line":26,"column":12},"end":{"line":26,"column":43}},"9":{"start":{"line":28,"column":12},"end":{"line":28,"column":44}},"10":{"start":{"line":31,"column":10},"end":{"line":31,"column":82}}},"fnMap":{"0":{"name":"(anonymous_0)","decl":{"start":{"line":15,"column":2},"end":{"line":15,"column":3}},"loc":{"start":{"line":15,"column":84},"end":{"line":35,"column":3}},"line":15},"1":{"name":"(anonymous_1)","decl":{"start":{"line":17,"column":24},"end":{"line":17,"column":25}},"loc":{"start":{"line":17,"column":45},"end":{"line":34,"column":5}},"line":17},"2":{"name":"(anonymous_2)","decl":{"start":{"line":18,"column":18},"end":{"line":18,"column":19}},"loc":{"start":{"line":18,"column":24},"end":{"line":33,"column":7}},"line":18}},"branchMap":{"0":{"loc":{"start":{"line":15,"column":24},"end":{"line":15,"column":36}},"type":"default-arg","locations":[{"start":{"line":15,"column":31},"end":{"line":15,"column":36}}],"line":15},"1":{"loc":{"start":{"line":15,"column":38},"end":{"line":15,"column":49}},"type":"default-arg","locations":[{"start":{"line":15,"column":44},"end":{"line":15,"column":49}}],"line":15},"2":{"loc":{"start":{"line":15,"column":51},"end":{"line":15,"column":64}},"type":"default-arg","locations":[{"start":{"line":15,"column":60},"end":{"line":15,"column":64}}],"line":15},"3":{"loc":{"start":{"line":15,"column":66},"end":{"line":15,"column":82}},"type":"default-arg","locations":[{"start":{"line":15,"column":77},"end":{"line":15,"column":82}}],"line":15},"4":{"loc":{"start":{"line":19,"column":8},"end":{"line":32,"column":9}},"type":"if","locations":[{"start":{"line":19,"column":8},"end":{"line":32,"column":9}},{"start":{"line":30,"column":15},"end":{"line":32,"column":9}}],"line":19},"5":{"loc":{"start":{"line":20,"column":10},"end":{"line":29,"column":11}},"type":"if","locations":[{"start":{"line":20,"column":10},"end":{"line":29,"column":11}},{"start":{"line":22,"column":17},"end":{"line":29,"column":11}}],"line":20},"6":{"loc":{"start":{"line":22,"column":17},"end":{"line":29,"column":11}},"type":"if","locations":[{"start":{"line":22,"column":17},"end":{"line":29,"column":11}},{"start":{"line":24,"column":17},"end":{"line":29,"column":11}}],"line":22},"7":{"loc":{"start":{"line":24,"column":17},"end":{"line":29,"column":11}},"type":"if","locations":[{"start":{"line":24,"column":17},"end":{"line":29,"column":11}},{"start":{"line":27,"column":17},"end":{"line":29,"column":11}}],"line":24}},"s":{"0":1,"1":1,"2":1,"3":1,"4":0,"5":1,"6":0,"7":1,"8":1,"9":0,"10":0},"f":{"0":1,"1":1,"2":1},"b":{"0":[1],"1":[1],"2":[1],"3":[1],"4":[1,0],"5":[0,1],"6":[0,1],"7":[1,0]},"_coverageSchema":"1a1c01bbd47fc00a2c39e90264f33305004495a9","hash":"a68caa6f9169fe85031cd4c5f2bd594d79d04fb9"}
,"/Users/phungngo/Desktop/Makpar-1/CodeCommit/innolab-frontend/frontend/src/api/MockApiData.js": {"path":"/Users/phungngo/Desktop/Makpar-1/CodeCommit/innolab-frontend/frontend/src/api/MockApiData.js","statementMap":{"0":{"start":{"line":8,"column":27},"end":{"line":32,"column":2}},"1":{"start":{"line":37,"column":30},"end":{"line":43,"column":1}},"2":{"start":{"line":38,"column":21},"end":{"line":38,"column":22}},"3":{"start":{"line":39,"column":19},"end":{"line":39,"column":41}},"4":{"start":{"line":40,"column":18},"end":{"line":40,"column":86}},"5":{"start":{"line":42,"column":2},"end":{"line":42,"column":30}},"6":{"start":{"line":48,"column":31},"end":{"line":56,"column":1}},"7":{"start":{"line":49,"column":18},"end":{"line":49,"column":33}},"8":{"start":{"line":51,"column":2},"end":{"line":53,"column":3}},"9":{"start":{"line":52,"column":4},"end":{"line":52,"column":32}},"10":{"start":{"line":55,"column":2},"end":{"line":55,"column":19}},"11":{"start":{"line":61,"column":30},"end":{"line":69,"column":1}},"12":{"start":{"line":62,"column":20},"end":{"line":62,"column":35}},"13":{"start":{"line":64,"column":2},"end":{"line":66,"column":3}},"14":{"start":{"line":65,"column":4},"end":{"line":65,"column":34}},"15":{"start":{"line":68,"column":2},"end":{"line":68,"column":21}}},"fnMap":{"0":{"name":"(anonymous_0)","decl":{"start":{"line":37,"column":30},"end":{"line":37,"column":31}},"loc":{"start":{"line":37,"column":36},"end":{"line":43,"column":1}},"line":37},"1":{"name":"(anonymous_1)","decl":{"start":{"line":48,"column":31},"end":{"line":48,"column":32}},"loc":{"start":{"line":48,"column":37},"end":{"line":56,"column":1}},"line":48},"2":{"name":"(anonymous_2)","decl":{"start":{"line":61,"column":30},"end":{"line":61,"column":31}},"loc":{"start":{"line":61,"column":36},"end":{"line":69,"column":1}},"line":61}},"branchMap":{},"s":{"0":5,"1":5,"2":0,"3":0,"4":0,"5":0,"6":5,"7":0,"8":0,"9":0,"10":0,"11":5,"12":0,"13":0,"14":0,"15":0},"f":{"0":0,"1":0,"2":0},"b":{},"_coverageSchema":"1a1c01bbd47fc00a2c39e90264f33305004495a9","hash":"68d7e94ebbd5d3986ea9119a24c02fd5ca623e71"}
,"/Users/phungngo/Desktop/Makpar-1/CodeCommit/innolab-frontend/frontend/src/api/MockFailingApi.js": {"path":"/Users/phungngo/Desktop/Makpar-1/CodeCommit/innolab-frontend/frontend/src/api/MockFailingApi.js","statementMap":{},"fnMap":{},"branchMap":{},"s":{},"f":{},"b":{}}
,"/Users/phungngo/Desktop/Makpar-1/CodeCommit/innolab-frontend/frontend/src/api/delay.js": {"path":"/Users/phungngo/Desktop/Makpar-1/CodeCommit/innolab-frontend/frontend/src/api/delay.js","statementMap":{},"fnMap":{},"branchMap":{},"s":{},"f":{},"b":{},"_coverageSchema":"1a1c01bbd47fc00a2c39e90264f33305004495a9","hash":"29add6b2345c9208fde1c5935f1fbd047a605408"}
,"/Users/phungngo/Desktop/Makpar-1/CodeCommit/innolab-frontend/frontend/src/api/index.js": {"path":"/Users/phungngo/Desktop/Makpar-1/CodeCommit/innolab-frontend/frontend/src/api/index.js","statementMap":{},"fnMap":{},"branchMap":{"0":{"loc":{"start":{"line":4,"column":15},"end":{"line":6,"column":11}},"type":"cond-expr","locations":[{"start":{"line":5,"column":4},"end":{"line":5,"column":11}},{"start":{"line":6,"column":4},"end":{"line":6,"column":11}}],"line":4},"1":{"loc":{"start":{"line":4,"column":16},"end":{"line":4,"column":77}},"type":"binary-expr","locations":[{"start":{"line":4,"column":16},"end":{"line":4,"column":36}},{"start":{"line":4,"column":40},"end":{"line":4,"column":77}}],"line":4}},"s":{},"f":{},"b":{"0":[2,0],"1":[2,2]},"_coverageSchema":"1a1c01bbd47fc00a2c39e90264f33305004495a9","hash":"bdd43aa14c609b98cdfca1244f6274d901575193"}
,"/Users/phungngo/Desktop/Makpar-1/CodeCommit/innolab-frontend/frontend/src/components/App.js": {"path":"/Users/phungngo/Desktop/Makpar-1/CodeCommit/innolab-frontend/frontend/src/components/App.js","statementMap":{"0":{"start":{"line":16,"column":4},"end":{"line":22,"column":6}},"1":{"start":{"line":26,"column":0},"end":{"line":28,"column":2}}},"fnMap":{"0":{"name":"(anonymous_0)","decl":{"start":{"line":15,"column":2},"end":{"line":15,"column":3}},"loc":{"start":{"line":15,"column":11},"end":{"line":23,"column":3}},"line":15}},"branchMap":{},"s":{"0":0,"1":1},"f":{"0":0},"b":{},"_coverageSchema":"1a1c01bbd47fc00a2c39e90264f33305004495a9","hash":"469165d5ccdd31a4b1f4f74c753d57988f4db644"}
,"/Users/phungngo/Desktop/Makpar-1/CodeCommit/innolab-frontend/frontend/src/components/Archive.js": {"path":"/Users/phungngo/Desktop/Makpar-1/CodeCommit/innolab-frontend/frontend/src/components/Archive.js","statementMap":{"0":{"start":{"line":8,"column":16},"end":{"line":14,"column":3}},"1":{"start":{"line":16,"column":2},"end":{"line":77,"column":4}},"2":{"start":{"line":42,"column":10},"end":{"line":73,"column":11}}},"fnMap":{"0":{"name":"Archive","decl":{"start":{"line":6,"column":24},"end":{"line":6,"column":31}},"loc":{"start":{"line":6,"column":34},"end":{"line":78,"column":1}},"line":6},"1":{"name":"(anonymous_1)","decl":{"start":{"line":41,"column":28},"end":{"line":41,"column":29}},"loc":{"start":{"line":41,"column":43},"end":{"line":74,"column":9}},"line":41}},"branchMap":{"0":{"loc":{"start":{"line":41,"column":10},"end":{"line":74,"column":29}},"type":"cond-expr","locations":[{"start":{"line":41,"column":18},"end":{"line":74,"column":10}},{"start":{"line":74,"column":13},"end":{"line":74,"column":29}}],"line":41}},"s":{"0":1,"1":1,"2":5},"f":{"0":1,"1":5},"b":{"0":[1,0]},"_coverageSchema":"1a1c01bbd47fc00a2c39e90264f33305004495a9","hash":"e5a7592936a319e98dfa390e98c827c225c223e4"}
,"/Users/phungngo/Desktop/Makpar-1/CodeCommit/innolab-frontend/frontend/src/components/AuthLoading.js": {"path":"/Users/phungngo/Desktop/Makpar-1/CodeCommit/innolab-frontend/frontend/src/components/AuthLoading.js","statementMap":{"0":{"start":{"line":3,"column":20},"end":{"line":18,"column":1}},"1":{"start":{"line":5,"column":2},"end":{"line":17,"column":4}}},"fnMap":{"0":{"name":"(anonymous_0)","decl":{"start":{"line":3,"column":20},"end":{"line":3,"column":21}},"loc":{"start":{"line":3,"column":26},"end":{"line":18,"column":1}},"line":3}},"branchMap":{},"s":{"0":2,"1":1},"f":{"0":1},"b":{},"_coverageSchema":"1a1c01bbd47fc00a2c39e90264f33305004495a9","hash":"491916bcbcdce4fa7d59aeef9b8568f92ca508ba"}
,"/Users/phungngo/Desktop/Makpar-1/CodeCommit/innolab-frontend/frontend/src/components/ContentPanel.js": {"path":"/Users/phungngo/Desktop/Makpar-1/CodeCommit/innolab-frontend/frontend/src/components/ContentPanel.js","statementMap":{"0":{"start":{"line":20,"column":21},"end":{"line":50,"column":1}},"1":{"start":{"line":22,"column":2},"end":{"line":24,"column":20}},"2":{"start":{"line":23,"column":4},"end":{"line":23,"column":21}},"3":{"start":{"line":26,"column":19},"end":{"line":26,"column":64}},"4":{"start":{"line":27,"column":18},"end":{"line":27,"column":62}},"5":{"start":{"line":28,"column":21},"end":{"line":28,"column":66}},"6":{"start":{"line":30,"column":2},"end":{"line":49,"column":4}},"7":{"start":{"line":52,"column":0},"end":{"line":55,"column":2}},"8":{"start":{"line":57,"column":24},"end":{"line":59,"column":2}},"9":{"start":{"line":57,"column":36},"end":{"line":59,"column":1}}},"fnMap":{"0":{"name":"(anonymous_0)","decl":{"start":{"line":20,"column":21},"end":{"line":20,"column":22}},"loc":{"start":{"line":20,"column":55},"end":{"line":50,"column":1}},"line":20},"1":{"name":"(anonymous_1)","decl":{"start":{"line":22,"column":13},"end":{"line":22,"column":14}},"loc":{"start":{"line":22,"column":19},"end":{"line":24,"column":3}},"line":22},"2":{"name":"(anonymous_2)","decl":{"start":{"line":57,"column":24},"end":{"line":57,"column":25}},"loc":{"start":{"line":57,"column":36},"end":{"line":59,"column":1}},"line":57}},"branchMap":{"0":{"loc":{"start":{"line":28,"column":21},"end":{"line":28,"column":66}},"type":"binary-expr","locations":[{"start":{"line":28,"column":21},"end":{"line":28,"column":30}},{"start":{"line":28,"column":34},"end":{"line":28,"column":42}},{"start":{"line":28,"column":46},"end":{"line":28,"column":66}}],"line":28}},"s":{"0":1,"1":0,"2":0,"3":0,"4":0,"5":0,"6":0,"7":1,"8":1,"9":0},"f":{"0":0,"1":0,"2":0},"b":{"0":[0,0,0]},"_coverageSchema":"1a1c01bbd47fc00a2c39e90264f33305004495a9","hash":"45bbe55574fe8d040fcf20ffb8cbede75f75818d"}
,"/Users/phungngo/Desktop/Makpar-1/CodeCommit/innolab-frontend/frontend/src/components/Header.js": {"path":"/Users/phungngo/Desktop/Makpar-1/CodeCommit/innolab-frontend/frontend/src/components/Header.js","statementMap":{"0":{"start":{"line":5,"column":15},"end":{"line":26,"column":1}},"1":{"start":{"line":6,"column":37},"end":{"line":6,"column":52}},"2":{"start":{"line":8,"column":2},"end":{"line":24,"column":4}}},"fnMap":{"0":{"name":"(anonymous_0)","decl":{"start":{"line":5,"column":15},"end":{"line":5,"column":16}},"loc":{"start":{"line":5,"column":21},"end":{"line":26,"column":1}},"line":5}},"branchMap":{},"s":{"0":2,"1":1,"2":1},"f":{"0":1},"b":{},"_coverageSchema":"1a1c01bbd47fc00a2c39e90264f33305004495a9","hash":"1042bb57c23b676c52cd58442efc8d27efb86796"}
,"/Users/phungngo/Desktop/Makpar-1/CodeCommit/innolab-frontend/frontend/src/components/Home.js": {"path":"/Users/phungngo/Desktop/Makpar-1/CodeCommit/innolab-frontend/frontend/src/components/Home.js","statementMap":{"0":{"start":{"line":6,"column":34},"end":{"line":6,"column":59}},"1":{"start":{"line":8,"column":19},"end":{"line":14,"column":3}},"2":{"start":{"line":16,"column":2},"end":{"line":101,"column":3}},"3":{"start":{"line":56,"column":62},"end":{"line":56,"column":90}},"4":{"start":{"line":60,"column":62},"end":{"line":60,"column":93}},"5":{"start":{"line":64,"column":62},"end":{"line":64,"column":92}},"6":{"start":{"line":68,"column":62},"end":{"line":68,"column":86}},"7":{"start":{"line":72,"column":62},"end":{"line":72,"column":82}},"8":{"start":{"line":82,"column":14},"end":{"line":82,"column":59}},"9":{"start":{"line":83,"column":14},"end":{"line":95,"column":15}},"10":{"start":{"line":84,"column":16},"end":{"line":94,"column":17}}},"fnMap":{"0":{"name":"Home","decl":{"start":{"line":4,"column":24},"end":{"line":4,"column":28}},"loc":{"start":{"line":4,"column":32},"end":{"line":102,"column":1}},"line":4},"1":{"name":"(anonymous_1)","decl":{"start":{"line":56,"column":55},"end":{"line":56,"column":56}},"loc":{"start":{"line":56,"column":62},"end":{"line":56,"column":90}},"line":56},"2":{"name":"(anonymous_2)","decl":{"start":{"line":60,"column":55},"end":{"line":60,"column":56}},"loc":{"start":{"line":60,"column":62},"end":{"line":60,"column":93}},"line":60},"3":{"name":"(anonymous_3)","decl":{"start":{"line":64,"column":55},"end":{"line":64,"column":56}},"loc":{"start":{"line":64,"column":62},"end":{"line":64,"column":92}},"line":64},"4":{"name":"(anonymous_4)","decl":{"start":{"line":68,"column":55},"end":{"line":68,"column":56}},"loc":{"start":{"line":68,"column":62},"end":{"line":68,"column":86}},"line":68},"5":{"name":"(anonymous_5)","decl":{"start":{"line":72,"column":55},"end":{"line":72,"column":56}},"loc":{"start":{"line":72,"column":62},"end":{"line":72,"column":82}},"line":72},"6":{"name":"(anonymous_6)","decl":{"start":{"line":81,"column":38},"end":{"line":81,"column":39}},"loc":{"start":{"line":81,"column":56},"end":{"line":96,"column":13}},"line":81}},"branchMap":{"0":{"loc":{"start":{"line":55,"column":53},"end":{"line":55,"column":98}},"type":"cond-expr","locations":[{"start":{"line":55,"column":83},"end":{"line":55,"column":93}},{"start":{"line":55,"column":96},"end":{"line":55,"column":98}}],"line":55},"1":{"loc":{"start":{"line":59,"column":53},"end":{"line":59,"column":101}},"type":"cond-expr","locations":[{"start":{"line":59,"column":86},"end":{"line":59,"column":96}},{"start":{"line":59,"column":99},"end":{"line":59,"column":101}}],"line":59},"2":{"loc":{"start":{"line":63,"column":53},"end":{"line":63,"column":100}},"type":"cond-expr","locations":[{"start":{"line":63,"column":85},"end":{"line":63,"column":95}},{"start":{"line":63,"column":98},"end":{"line":63,"column":100}}],"line":63},"3":{"loc":{"start":{"line":67,"column":53},"end":{"line":67,"column":94}},"type":"cond-expr","locations":[{"start":{"line":67,"column":79},"end":{"line":67,"column":89}},{"start":{"line":67,"column":92},"end":{"line":67,"column":94}}],"line":67},"4":{"loc":{"start":{"line":71,"column":53},"end":{"line":71,"column":90}},"type":"cond-expr","locations":[{"start":{"line":71,"column":75},"end":{"line":71,"column":85}},{"start":{"line":71,"column":88},"end":{"line":71,"column":90}}],"line":71},"5":{"loc":{"start":{"line":81,"column":14},"end":{"line":96,"column":19}},"type":"cond-expr","locations":[{"start":{"line":81,"column":25},"end":{"line":96,"column":14}},{"start":{"line":96,"column":17},"end":{"line":96,"column":19}}],"line":81},"6":{"loc":{"start":{"line":83,"column":14},"end":{"line":95,"column":15}},"type":"if","locations":[{"start":{"line":83,"column":14},"end":{"line":95,"column":15}},{"start":{},"end":{}}],"line":83}},"s":{"0":1,"1":1,"2":1,"3":0,"4":0,"5":0,"6":0,"7":0,"8":5,"9":5,"10":1},"f":{"0":1,"1":0,"2":0,"3":0,"4":0,"5":0,"6":5},"b":{"0":[1,0],"1":[0,1],"2":[0,1],"3":[0,1],"4":[0,1],"5":[1,0],"6":[1,4]},"_coverageSchema":"1a1c01bbd47fc00a2c39e90264f33305004495a9","hash":"c75178a12b7b20164e20815a91a5f870a51e3a98"}
,"/Users/phungngo/Desktop/Makpar-1/CodeCommit/innolab-frontend/frontend/src/components/Login.js": {"path":"/Users/phungngo/Desktop/Makpar-1/CodeCommit/innolab-frontend/frontend/src/components/Login.js","statementMap":{"0":{"start":{"line":6,"column":2},"end":{"line":10,"column":3}}},"fnMap":{"0":{"name":"Login","decl":{"start":{"line":4,"column":24},"end":{"line":4,"column":29}},"loc":{"start":{"line":4,"column":33},"end":{"line":11,"column":1}},"line":4}},"branchMap":{},"s":{"0":1},"f":{"0":1},"b":{},"_coverageSchema":"1a1c01bbd47fc00a2c39e90264f33305004495a9","hash":"db9e6288d5ca3f716499ae72da678200f0bb0491"}
,"/Users/phungngo/Desktop/Makpar-1/CodeCommit/innolab-frontend/frontend/src/components/Mission.js": {"path":"/Users/phungngo/Desktop/Makpar-1/CodeCommit/innolab-frontend/frontend/src/components/Mission.js","statementMap":{"0":{"start":{"line":8,"column":2},"end":{"line":73,"column":4}}},"fnMap":{"0":{"name":"Mission","decl":{"start":{"line":7,"column":24},"end":{"line":7,"column":31}},"loc":{"start":{"line":7,"column":34},"end":{"line":74,"column":1}},"line":7}},"branchMap":{},"s":{"0":1},"f":{"0":1},"b":{},"_coverageSchema":"1a1c01bbd47fc00a2c39e90264f33305004495a9","hash":"e60968edc78820c3bb1daa614221348870fe239f"}
,"/Users/phungngo/Desktop/Makpar-1/CodeCommit/innolab-frontend/frontend/src/components/Navigation.js": {"path":"/Users/phungngo/Desktop/Makpar-1/CodeCommit/innolab-frontend/frontend/src/components/Navigation.js","statementMap":{"0":{"start":{"line":4,"column":19},"end":{"line":23,"column":1}},"1":{"start":{"line":5,"column":37},"end":{"line":5,"column":52}},"2":{"start":{"line":6,"column":22},"end":{"line":6,"column":47}},"3":{"start":{"line":8,"column":2},"end":{"line":22,"column":4}},"4":{"start":{"line":10,"column":41},"end":{"line":10,"column":66}},"5":{"start":{"line":14,"column":105},"end":{"line":14,"column":122}},"6":{"start":{"line":17,"column":103},"end":{"line":17,"column":120}}},"fnMap":{"0":{"name":"(anonymous_0)","decl":{"start":{"line":4,"column":19},"end":{"line":4,"column":20}},"loc":{"start":{"line":4,"column":25},"end":{"line":23,"column":1}},"line":4},"1":{"name":"(anonymous_1)","decl":{"start":{"line":10,"column":35},"end":{"line":10,"column":36}},"loc":{"start":{"line":10,"column":41},"end":{"line":10,"column":66}},"line":10},"2":{"name":"(anonymous_2)","decl":{"start":{"line":14,"column":99},"end":{"line":14,"column":100}},"loc":{"start":{"line":14,"column":105},"end":{"line":14,"column":122}},"line":14},"3":{"name":"(anonymous_3)","decl":{"start":{"line":17,"column":97},"end":{"line":17,"column":98}},"loc":{"start":{"line":17,"column":103},"end":{"line":17,"column":120}},"line":17}},"branchMap":{"0":{"loc":{"start":{"line":11,"column":7},"end":{"line":19,"column":13}},"type":"binary-expr","locations":[{"start":{"line":11,"column":7},"end":{"line":11,"column":19}},{"start":{"line":12,"column":8},"end":{"line":19,"column":13}}],"line":11}},"s":{"0":3,"1":1,"2":1,"3":1,"4":0,"5":0,"6":0},"f":{"0":1,"1":0,"2":0,"3":0},"b":{"0":[1,0]},"_coverageSchema":"1a1c01bbd47fc00a2c39e90264f33305004495a9","hash":"aecf326e3845a2751de6d4833c1616d0c117ed0d"}
,"/Users/phungngo/Desktop/Makpar-1/CodeCommit/innolab-frontend/frontend/src/components/NotFoundPage.js": {"path":"/Users/phungngo/Desktop/Makpar-1/CodeCommit/innolab-frontend/frontend/src/components/NotFoundPage.js","statementMap":{"0":{"start":{"line":4,"column":21},"end":{"line":21,"column":1}},"1":{"start":{"line":5,"column":2},"end":{"line":20,"column":4}},"2":{"start":{"line":15,"column":23},"end":{"line":15,"column":40}}},"fnMap":{"0":{"name":"(anonymous_0)","decl":{"start":{"line":4,"column":21},"end":{"line":4,"column":22}},"loc":{"start":{"line":4,"column":27},"end":{"line":21,"column":1}},"line":4},"1":{"name":"(anonymous_1)","decl":{"start":{"line":15,"column":17},"end":{"line":15,"column":18}},"loc":{"start":{"line":15,"column":23},"end":{"line":15,"column":40}},"line":15}},"branchMap":{},"s":{"0":2,"1":1,"2":0},"f":{"0":1,"1":0},"b":{},"_coverageSchema":"1a1c01bbd47fc00a2c39e90264f33305004495a9","hash":"d4012ab0f9ff9f1a60a08f97d4724fc08729a101"}
,"/Users/phungngo/Desktop/Makpar-1/CodeCommit/innolab-frontend/frontend/src/components/Project.js": {"path":"/Users/phungngo/Desktop/Makpar-1/CodeCommit/innolab-frontend/frontend/src/components/Project.js","statementMap":{"0":{"start":{"line":5,"column":18},"end":{"line":11,"column":3}},"1":{"start":{"line":14,"column":2},"end":{"line":54,"column":4}},"2":{"start":{"line":36,"column":14},"end":{"line":38,"column":15}}},"fnMap":{"0":{"name":"Project","decl":{"start":{"line":3,"column":24},"end":{"line":3,"column":31}},"loc":{"start":{"line":3,"column":34},"end":{"line":55,"column":1}},"line":3},"1":{"name":"(anonymous_1)","decl":{"start":{"line":35,"column":46},"end":{"line":35,"column":47}},"loc":{"start":{"line":35,"column":60},"end":{"line":39,"column":13}},"line":35}},"branchMap":{"0":{"loc":{"start":{"line":35,"column":14},"end":{"line":39,"column":19}},"type":"cond-expr","locations":[{"start":{"line":35,"column":29},"end":{"line":39,"column":14}},{"start":{"line":39,"column":17},"end":{"line":39,"column":19}}],"line":35}},"s":{"0":0,"1":0,"2":0},"f":{"0":0,"1":0},"b":{"0":[0,0]},"_coverageSchema":"1a1c01bbd47fc00a2c39e90264f33305004495a9","hash":"50deda8151333f29c927c0a1e23947e8a98b1eef"}
,"/Users/phungngo/Desktop/Makpar-1/CodeCommit/innolab-frontend/frontend/src/components/Projects.js": {"path":"/Users/phungngo/Desktop/Makpar-1/CodeCommit/innolab-frontend/frontend/src/components/Projects.js","statementMap":{"0":{"start":{"line":6,"column":19},"end":{"line":25,"column":3}},"1":{"start":{"line":27,"column":2},"end":{"line":91,"column":4}},"2":{"start":{"line":50,"column":12},"end":{"line":84,"column":13}},"3":{"start":{"line":73,"column":24},"end":{"line":77,"column":25}}},"fnMap":{"0":{"name":"Projects","decl":{"start":{"line":4,"column":24},"end":{"line":4,"column":32}},"loc":{"start":{"line":4,"column":35},"end":{"line":92,"column":1}},"line":4},"1":{"name":"(anonymous_1)","decl":{"start":{"line":49,"column":36},"end":{"line":49,"column":37}},"loc":{"start":{"line":49,"column":54},"end":{"line":85,"column":11}},"line":49},"2":{"name":"(anonymous_2)","decl":{"start":{"line":72,"column":56},"end":{"line":72,"column":57}},"loc":{"start":{"line":72,"column":70},"end":{"line":78,"column":23}},"line":72}},"branchMap":{"0":{"loc":{"start":{"line":49,"column":12},"end":{"line":85,"column":38}},"type":"cond-expr","locations":[{"start":{"line":49,"column":23},"end":{"line":85,"column":12}},{"start":{"line":85,"column":15},"end":{"line":85,"column":38}}],"line":49},"1":{"loc":{"start":{"line":72,"column":24},"end":{"line":78,"column":31}},"type":"cond-expr","locations":[{"start":{"line":72,"column":39},"end":{"line":78,"column":24}},{"start":{"line":78,"column":27},"end":{"line":78,"column":31}}],"line":72}},"s":{"0":1,"1":1,"2":3,"3":7},"f":{"0":1,"1":3,"2":7},"b":{"0":[1,0],"1":[3,0]},"_coverageSchema":"1a1c01bbd47fc00a2c39e90264f33305004495a9","hash":"77b3de4583e6deac6a7f0d22d0666ebeb1d4b8ec"}
,"/Users/phungngo/Desktop/Makpar-1/CodeCommit/innolab-frontend/frontend/src/components/Root.js": {"path":"/Users/phungngo/Desktop/Makpar-1/CodeCommit/innolab-frontend/frontend/src/components/Root.js","statementMap":{"0":{"start":{"line":11,"column":31},"end":{"line":11,"column":41}},"1":{"start":{"line":12,"column":4},"end":{"line":18,"column":6}},"2":{"start":{"line":22,"column":0},"end":{"line":25,"column":2}}},"fnMap":{"0":{"name":"(anonymous_0)","decl":{"start":{"line":10,"column":2},"end":{"line":10,"column":3}},"loc":{"start":{"line":10,"column":11},"end":{"line":19,"column":3}},"line":10}},"branchMap":{},"s":{"0":1,"1":1,"2":1},"f":{"0":1},"b":{},"_coverageSchema":"1a1c01bbd47fc00a2c39e90264f33305004495a9","hash":"ddd29b0c53312cceadb6911d96808c3d4e124940"}
,"/Users/phungngo/Desktop/Makpar-1/CodeCommit/innolab-frontend/frontend/src/components/Team.js": {"path":"/Users/phungngo/Desktop/Makpar-1/CodeCommit/innolab-frontend/frontend/src/components/Team.js","statementMap":{"0":{"start":{"line":5,"column":18},"end":{"line":13,"column":3}},"1":{"start":{"line":15,"column":2},"end":{"line":94,"column":4}},"2":{"start":{"line":51,"column":14},"end":{"line":87,"column":16}}},"fnMap":{"0":{"name":"Team","decl":{"start":{"line":4,"column":24},"end":{"line":4,"column":28}},"loc":{"start":{"line":4,"column":31},"end":{"line":95,"column":1}},"line":4},"1":{"name":"(anonymous_1)","decl":{"start":{"line":50,"column":24},"end":{"line":50,"column":25}},"loc":{"start":{"line":50,"column":36},"end":{"line":88,"column":13}},"line":50}},"branchMap":{"0":{"loc":{"start":{"line":49,"column":11},"end":{"line":89,"column":18}},"type":"cond-expr","locations":[{"start":{"line":50,"column":12},"end":{"line":88,"column":14}},{"start":{"line":89,"column":14},"end":{"line":89,"column":18}}],"line":49}},"s":{"0":1,"1":1,"2":7},"f":{"0":1,"1":7},"b":{"0":[1,0]},"_coverageSchema":"1a1c01bbd47fc00a2c39e90264f33305004495a9","hash":"c28f744821906239ec3e6c3d3c4b645bc1a0b1a1"}
,"/Users/phungngo/Desktop/Makpar-1/CodeCommit/innolab-frontend/frontend/src/components/Home/Home.js": {"path":"/Users/phungngo/Desktop/Makpar-1/CodeCommit/innolab-frontend/frontend/src/components/Home/Home.js","statementMap":{"0":{"start":{"line":4,"column":2},"end":{"line":9,"column":3}}},"fnMap":{"0":{"name":"Home","decl":{"start":{"line":3,"column":24},"end":{"line":3,"column":28}},"loc":{"start":{"line":3,"column":32},"end":{"line":10,"column":1}},"line":3}},"branchMap":{},"s":{"0":0},"f":{"0":0},"b":{}}
,"/Users/phungngo/Desktop/Makpar-1/CodeCommit/innolab-frontend/frontend/src/components/Navigation/Navigation.js": {"path":"/Users/phungngo/Desktop/Makpar-1/CodeCommit/innolab-frontend/frontend/src/components/Navigation/Navigation.js","statementMap":{"0":{"start":{"line":6,"column":19},"end":{"line":6,"column":32}},"1":{"start":{"line":8,"column":2},"end":{"line":34,"column":3}}},"fnMap":{"0":{"name":"Navigation","decl":{"start":{"line":5,"column":24},"end":{"line":5,"column":34}},"loc":{"start":{"line":5,"column":38},"end":{"line":35,"column":1}},"line":5}},"branchMap":{"0":{"loc":{"start":{"line":18,"column":16},"end":{"line":18,"column":56}},"type":"cond-expr","locations":[{"start":{"line":18,"column":43},"end":{"line":18,"column":51}},{"start":{"line":18,"column":54},"end":{"line":18,"column":56}}],"line":18}},"s":{"0":0,"1":0},"f":{"0":0},"b":{"0":[0,0]}}
,"/Users/phungngo/Desktop/Makpar-1/CodeCommit/innolab-frontend/frontend/src/constants/actionTypes.js": {"path":"/Users/phungngo/Desktop/Makpar-1/CodeCommit/innolab-frontend/frontend/src/constants/actionTypes.js","statementMap":{"0":{"start":{"line":3,"column":33},"end":{"line":3,"column":52}},"1":{"start":{"line":4,"column":41},"end":{"line":4,"column":68}},"2":{"start":{"line":5,"column":41},"end":{"line":5,"column":68}}},"fnMap":{},"branchMap":{},"s":{"0":6,"1":6,"2":6},"f":{},"b":{},"_coverageSchema":"1a1c01bbd47fc00a2c39e90264f33305004495a9","hash":"48d9092a3dcb3d1757515c3e467bdd389ce97a85"}
,"/Users/phungngo/Desktop/Makpar-1/CodeCommit/innolab-frontend/frontend/src/constants/index.js": {"path":"/Users/phungngo/Desktop/Makpar-1/CodeCommit/innolab-frontend/frontend/src/constants/index.js","statementMap":{"0":{"start":{"line":2,"column":25},"end":{"line":5,"column":1}}},"fnMap":{},"branchMap":{},"s":{"0":1},"f":{},"b":{},"_coverageSchema":"1a1c01bbd47fc00a2c39e90264f33305004495a9","hash":"fb8a196bba9e4b50eb106bf4d7028a5cbae930a3"}
,"/Users/phungngo/Desktop/Makpar-1/CodeCommit/innolab-frontend/frontend/src/reducers/CurrentUserReducer.js": {"path":"/Users/phungngo/Desktop/Makpar-1/CodeCommit/innolab-frontend/frontend/src/reducers/CurrentUserReducer.js","statementMap":{"0":{"start":{"line":9,"column":27},"end":{"line":33,"column":1}},"1":{"start":{"line":10,"column":2},"end":{"line":32,"column":3}},"2":{"start":{"line":13,"column":6},"end":{"line":13,"column":19}},"3":{"start":{"line":16,"column":6},"end":{"line":22,"column":8}},"4":{"start":{"line":25,"column":6},"end":{"line":28,"column":8}},"5":{"start":{"line":31,"column":6},"end":{"line":31,"column":19}}},"fnMap":{"0":{"name":"(anonymous_0)","decl":{"start":{"line":9,"column":27},"end":{"line":9,"column":28}},"loc":{"start":{"line":9,"column":71},"end":{"line":33,"column":1}},"line":9}},"branchMap":{"0":{"loc":{"start":{"line":9,"column":28},"end":{"line":9,"column":58}},"type":"default-arg","locations":[{"start":{"line":9,"column":34},"end":{"line":9,"column":58}}],"line":9},"1":{"loc":{"start":{"line":10,"column":2},"end":{"line":32,"column":3}},"type":"switch","locations":[{"start":{"line":11,"column":4},"end":{"line":13,"column":19}},{"start":{"line":15,"column":4},"end":{"line":22,"column":8}},{"start":{"line":24,"column":4},"end":{"line":28,"column":8}},{"start":{"line":30,"column":4},"end":{"line":31,"column":19}}],"line":10}},"s":{"0":6,"1":8,"2":2,"3":2,"4":1,"5":3},"f":{"0":8},"b":{"0":[6],"1":[2,2,1,3]},"_coverageSchema":"1a1c01bbd47fc00a2c39e90264f33305004495a9","hash":"39d6139189ecdfda72b6a0035427aaf2ba9d0eb7"}
,"/Users/phungngo/Desktop/Makpar-1/CodeCommit/innolab-frontend/frontend/src/reducers/index.js": {"path":"/Users/phungngo/Desktop/Makpar-1/CodeCommit/innolab-frontend/frontend/src/reducers/index.js","statementMap":{},"fnMap":{},"branchMap":{},"s":{},"f":{},"b":{},"_coverageSchema":"1a1c01bbd47fc00a2c39e90264f33305004495a9","hash":"a021e7b65acb24760bdfbcc143b57e64c99f5ad7"}
,"/Users/phungngo/Desktop/Makpar-1/CodeCommit/innolab-frontend/frontend/src/reducers/initialState.js": {"path":"/Users/phungngo/Desktop/Makpar-1/CodeCommit/innolab-frontend/frontend/src/reducers/initialState.js","statementMap":{},"fnMap":{},"branchMap":{},"s":{},"f":{},"b":{},"_coverageSchema":"1a1c01bbd47fc00a2c39e90264f33305004495a9","hash":"2e8b0d556b13be9c67f94abda68dde1aa5c305e0"}
,"/Users/phungngo/Desktop/Makpar-1/CodeCommit/innolab-frontend/frontend/src/store/configureStore.js": {"path":"/Users/phungngo/Desktop/Makpar-1/CodeCommit/innolab-frontend/frontend/src/store/configureStore.js","statementMap":{"0":{"start":{"line":9,"column":23},"end":{"line":11,"column":26}},"1":{"start":{"line":12,"column":29},"end":{"line":12,"column":51}},"2":{"start":{"line":67,"column":23},"end":{"line":67,"column":101}}},"fnMap":{},"branchMap":{"0":{"loc":{"start":{"line":9,"column":23},"end":{"line":11,"column":26}},"type":"cond-expr","locations":[{"start":{"line":10,"column":4},"end":{"line":10,"column":25}},{"start":{"line":11,"column":4},"end":{"line":11,"column":26}}],"line":9},"1":{"loc":{"start":{"line":9,"column":24},"end":{"line":9,"column":79}},"type":"binary-expr","locations":[{"start":{"line":9,"column":24},"end":{"line":9,"column":44}},{"start":{"line":9,"column":48},"end":{"line":9,"column":79}}],"line":9},"2":{"loc":{"start":{"line":67,"column":23},"end":{"line":67,"column":101}},"type":"cond-expr","locations":[{"start":{"line":67,"column":63},"end":{"line":67,"column":81}},{"start":{"line":67,"column":84},"end":{"line":67,"column":101}}],"line":67}},"s":{"0":4,"1":4,"2":4},"f":{},"b":{"0":[4,0],"1":[4,4],"2":[0,4]},"_coverageSchema":"1a1c01bbd47fc00a2c39e90264f33305004495a9","hash":"6e79f09dac5dbe7e81ee88fd6ce04e1e932409ce"}
,"/Users/phungngo/Desktop/Makpar-1/CodeCommit/innolab-frontend/frontend/src/utils/helpers.js": {"path":"/Users/phungngo/Desktop/Makpar-1/CodeCommit/innolab-frontend/frontend/src/utils/helpers.js","statementMap":{"0":{"start":{"line":7,"column":0},"end":{"line":7,"column":27}},"1":{"start":{"line":17,"column":23},"end":{"line":22,"column":1}},"2":{"start":{"line":18,"column":2},"end":{"line":21,"column":24}},"3":{"start":{"line":31,"column":23},"end":{"line":36,"column":1}},"4":{"start":{"line":32,"column":19},"end":{"line":32,"column":30}},"5":{"start":{"line":33,"column":14},"end":{"line":33,"column":31}},"6":{"start":{"line":35,"column":2},"end":{"line":35,"column":28}},"7":{"start":{"line":45,"column":32},"end":{"line":61,"column":1}},"8":{"start":{"line":46,"column":15},"end":{"line":46,"column":17}},"9":{"start":{"line":48,"column":2},"end":{"line":58,"column":3}},"10":{"start":{"line":49,"column":20},"end":{"line":49,"column":33}},"11":{"start":{"line":51,"column":4},"end":{"line":57,"column":7}},"12":{"start":{"line":52,"column":6},"end":{"line":56,"column":7}},"13":{"start":{"line":53,"column":8},"end":{"line":53,"column":34}},"14":{"start":{"line":55,"column":8},"end":{"line":55,"column":34}},"15":{"start":{"line":60,"column":2},"end":{"line":60,"column":16}}},"fnMap":{"0":{"name":"(anonymous_0)","decl":{"start":{"line":17,"column":23},"end":{"line":17,"column":24}},"loc":{"start":{"line":18,"column":2},"end":{"line":21,"column":24}},"line":18},"1":{"name":"(anonymous_1)","decl":{"start":{"line":31,"column":23},"end":{"line":31,"column":24}},"loc":{"start":{"line":31,"column":33},"end":{"line":36,"column":1}},"line":31},"2":{"name":"(anonymous_2)","decl":{"start":{"line":45,"column":32},"end":{"line":45,"column":33}},"loc":{"start":{"line":45,"column":41},"end":{"line":61,"column":1}},"line":45},"3":{"name":"(anonymous_3)","decl":{"start":{"line":51,"column":21},"end":{"line":51,"column":22}},"loc":{"start":{"line":51,"column":33},"end":{"line":57,"column":5}},"line":51}},"branchMap":{"0":{"loc":{"start":{"line":18,"column":2},"end":{"line":21,"column":24}},"type":"binary-expr","locations":[{"start":{"line":18,"column":2},"end":{"line":18,"column":11}},{"start":{"line":19,"column":5},"end":{"line":19,"column":22}},{"start":{"line":20,"column":5},"end":{"line":20,"column":34}},{"start":{"line":21,"column":5},"end":{"line":21,"column":24}}],"line":18},"1":{"loc":{"start":{"line":48,"column":2},"end":{"line":58,"column":3}},"type":"if","locations":[{"start":{"line":48,"column":2},"end":{"line":58,"column":3}},{"start":{},"end":{}}],"line":48},"2":{"loc":{"start":{"line":48,"column":6},"end":{"line":48,"column":26}},"type":"binary-expr","locations":[{"start":{"line":48,"column":6},"end":{"line":48,"column":9}},{"start":{"line":48,"column":13},"end":{"line":48,"column":26}}],"line":48},"3":{"loc":{"start":{"line":52,"column":6},"end":{"line":56,"column":7}},"type":"if","locations":[{"start":{"line":52,"column":6},"end":{"line":56,"column":7}},{"start":{"line":54,"column":13},"end":{"line":56,"column":7}}],"line":52}},"s":{"0":2,"1":2,"2":9,"3":2,"4":2,"5":2,"6":2,"7":2,"8":7,"9":7,"10":5,"11":5,"12":71,"13":5,"14":66,"15":7},"f":{"0":9,"1":2,"2":7,"3":71},"b":{"0":[9,8,8,7],"1":[5,2],"2":[7,5],"3":[5,66]},"_coverageSchema":"1a1c01bbd47fc00a2c39e90264f33305004495a9","hash":"f63e21fdc6e3f01266eec07040f444658dab5e81"}
}
