{"/home/grant/Desktop/projects/innolab-frontend/frontend/src/index.js": {"path":"/home/grant/Desktop/projects/innolab-frontend/frontend/src/index.js","statementMap":{},"fnMap":{},"branchMap":{},"s":{},"f":{},"b":{}}
,"/home/grant/Desktop/projects/innolab-frontend/frontend/src/webpack-public-path.js": {"path":"/home/grant/Desktop/projects/innolab-frontend/frontend/src/webpack-public-path.js","statementMap":{},"fnMap":{},"branchMap":{},"s":{},"f":{},"b":{}}
,"/home/grant/Desktop/projects/innolab-frontend/frontend/src/actions/index.js": {"path":"/home/grant/Desktop/projects/innolab-frontend/frontend/src/actions/index.js","statementMap":{"0":{"start":{"line":13,"column":30},"end":{"line":33,"column":1}},"1":{"start":{"line":14,"column":2},"end":{"line":32,"column":4}},"2":{"start":{"line":15,"column":4},"end":{"line":15,"column":49}},"3":{"start":{"line":17,"column":4},"end":{"line":31,"column":5}},"4":{"start":{"line":18,"column":26},"end":{"line":18,"column":52}},"5":{"start":{"line":20,"column":6},"end":{"line":28,"column":7}},"6":{"start":{"line":21,"column":8},"end":{"line":21,"column":80}},"7":{"start":{"line":23,"column":8},"end":{"line":27,"column":11}},"8":{"start":{"line":30,"column":6},"end":{"line":30,"column":66}}},"fnMap":{"0":{"name":"(anonymous_0)","decl":{"start":{"line":13,"column":30},"end":{"line":13,"column":31}},"loc":{"start":{"line":13,"column":36},"end":{"line":33,"column":1}},"line":13},"1":{"name":"(anonymous_1)","decl":{"start":{"line":14,"column":9},"end":{"line":14,"column":10}},"loc":{"start":{"line":14,"column":29},"end":{"line":32,"column":3}},"line":14}},"branchMap":{"0":{"loc":{"start":{"line":20,"column":6},"end":{"line":28,"column":7}},"type":"if","locations":[{"start":{"line":20,"column":6},"end":{"line":28,"column":7}},{"start":{"line":22,"column":13},"end":{"line":28,"column":7}}],"line":20},"1":{"loc":{"start":{"line":20,"column":10},"end":{"line":20,"column":39}},"type":"binary-expr","locations":[{"start":{"line":20,"column":10},"end":{"line":20,"column":21}},{"start":{"line":20,"column":25},"end":{"line":20,"column":39}}],"line":20}},"s":{"0":0,"1":0,"2":0,"3":0,"4":0,"5":0,"6":0,"7":0,"8":0},"f":{"0":0,"1":0},"b":{"0":[0,0],"1":[0,0]}}
,"/home/grant/Desktop/projects/innolab-frontend/frontend/src/api/MainApi.js": {"path":"/home/grant/Desktop/projects/innolab-frontend/frontend/src/api/MainApi.js","statementMap":{"0":{"start":{"line":4,"column":24},"end":{"line":6,"column":2}},"1":{"start":{"line":15,"column":4},"end":{"line":27,"column":7}},"2":{"start":{"line":16,"column":6},"end":{"line":26,"column":11}},"3":{"start":{"line":18,"column":10},"end":{"line":22,"column":11}},"4":{"start":{"line":19,"column":12},"end":{"line":19,"column":35}},"5":{"start":{"line":21,"column":12},"end":{"line":21,"column":92}},"6":{"start":{"line":25,"column":10},"end":{"line":25,"column":24}}},"fnMap":{"0":{"name":"(anonymous_0)","decl":{"start":{"line":14,"column":2},"end":{"line":14,"column":3}},"loc":{"start":{"line":14,"column":26},"end":{"line":28,"column":3}},"line":14},"1":{"name":"(anonymous_1)","decl":{"start":{"line":15,"column":24},"end":{"line":15,"column":25}},"loc":{"start":{"line":15,"column":45},"end":{"line":27,"column":5}},"line":15},"2":{"name":"(anonymous_2)","decl":{"start":{"line":17,"column":15},"end":{"line":17,"column":16}},"loc":{"start":{"line":17,"column":29},"end":{"line":23,"column":9}},"line":17},"3":{"name":"(anonymous_3)","decl":{"start":{"line":24,"column":16},"end":{"line":24,"column":17}},"loc":{"start":{"line":24,"column":27},"end":{"line":26,"column":9}},"line":24}},"branchMap":{"0":{"loc":{"start":{"line":18,"column":10},"end":{"line":22,"column":11}},"type":"if","locations":[{"start":{"line":18,"column":10},"end":{"line":22,"column":11}},{"start":{"line":20,"column":17},"end":{"line":22,"column":11}}],"line":18}},"s":{"0":0,"1":0,"2":0,"3":0,"4":0,"5":0,"6":0},"f":{"0":0,"1":0,"2":0,"3":0},"b":{"0":[0,0]}}
,"/home/grant/Desktop/projects/innolab-frontend/frontend/src/api/MockApi.js": {"path":"/home/grant/Desktop/projects/innolab-frontend/frontend/src/api/MockApi.js","statementMap":{"0":{"start":{"line":17,"column":4},"end":{"line":34,"column":7}},"1":{"start":{"line":18,"column":6},"end":{"line":33,"column":16}},"2":{"start":{"line":19,"column":8},"end":{"line":32,"column":9}},"3":{"start":{"line":20,"column":10},"end":{"line":29,"column":11}},"4":{"start":{"line":21,"column":12},"end":{"line":21,"column":46}},"5":{"start":{"line":22,"column":17},"end":{"line":29,"column":11}},"6":{"start":{"line":23,"column":12},"end":{"line":23,"column":45}},"7":{"start":{"line":24,"column":17},"end":{"line":29,"column":11}},"8":{"start":{"line":26,"column":12},"end":{"line":26,"column":43}},"9":{"start":{"line":28,"column":12},"end":{"line":28,"column":44}},"10":{"start":{"line":31,"column":10},"end":{"line":31,"column":82}}},"fnMap":{"0":{"name":"(anonymous_0)","decl":{"start":{"line":15,"column":2},"end":{"line":15,"column":3}},"loc":{"start":{"line":15,"column":84},"end":{"line":35,"column":3}},"line":15},"1":{"name":"(anonymous_1)","decl":{"start":{"line":17,"column":24},"end":{"line":17,"column":25}},"loc":{"start":{"line":17,"column":45},"end":{"line":34,"column":5}},"line":17},"2":{"name":"(anonymous_2)","decl":{"start":{"line":18,"column":18},"end":{"line":18,"column":19}},"loc":{"start":{"line":18,"column":24},"end":{"line":33,"column":7}},"line":18}},"branchMap":{"0":{"loc":{"start":{"line":15,"column":24},"end":{"line":15,"column":36}},"type":"default-arg","locations":[{"start":{"line":15,"column":31},"end":{"line":15,"column":36}}],"line":15},"1":{"loc":{"start":{"line":15,"column":38},"end":{"line":15,"column":49}},"type":"default-arg","locations":[{"start":{"line":15,"column":44},"end":{"line":15,"column":49}}],"line":15},"2":{"loc":{"start":{"line":15,"column":51},"end":{"line":15,"column":64}},"type":"default-arg","locations":[{"start":{"line":15,"column":60},"end":{"line":15,"column":64}}],"line":15},"3":{"loc":{"start":{"line":15,"column":66},"end":{"line":15,"column":82}},"type":"default-arg","locations":[{"start":{"line":15,"column":77},"end":{"line":15,"column":82}}],"line":15},"4":{"loc":{"start":{"line":19,"column":8},"end":{"line":32,"column":9}},"type":"if","locations":[{"start":{"line":19,"column":8},"end":{"line":32,"column":9}},{"start":{"line":30,"column":15},"end":{"line":32,"column":9}}],"line":19},"5":{"loc":{"start":{"line":20,"column":10},"end":{"line":29,"column":11}},"type":"if","locations":[{"start":{"line":20,"column":10},"end":{"line":29,"column":11}},{"start":{"line":22,"column":17},"end":{"line":29,"column":11}}],"line":20},"6":{"loc":{"start":{"line":22,"column":17},"end":{"line":29,"column":11}},"type":"if","locations":[{"start":{"line":22,"column":17},"end":{"line":29,"column":11}},{"start":{"line":24,"column":17},"end":{"line":29,"column":11}}],"line":22},"7":{"loc":{"start":{"line":24,"column":17},"end":{"line":29,"column":11}},"type":"if","locations":[{"start":{"line":24,"column":17},"end":{"line":29,"column":11}},{"start":{"line":27,"column":17},"end":{"line":29,"column":11}}],"line":24}},"s":{"0":0,"1":0,"2":0,"3":0,"4":0,"5":0,"6":0,"7":0,"8":0,"9":0,"10":0},"f":{"0":0,"1":0,"2":0},"b":{"0":[0],"1":[0],"2":[0],"3":[0],"4":[0,0],"5":[0,0],"6":[0,0],"7":[0,0]}}
,"/home/grant/Desktop/projects/innolab-frontend/frontend/src/api/MockApiData.js": {"path":"/home/grant/Desktop/projects/innolab-frontend/frontend/src/api/MockApiData.js","statementMap":{"0":{"start":{"line":8,"column":27},"end":{"line":32,"column":2}},"1":{"start":{"line":37,"column":30},"end":{"line":43,"column":1}},"2":{"start":{"line":38,"column":21},"end":{"line":38,"column":22}},"3":{"start":{"line":39,"column":19},"end":{"line":39,"column":41}},"4":{"start":{"line":40,"column":18},"end":{"line":40,"column":86}},"5":{"start":{"line":42,"column":2},"end":{"line":42,"column":30}},"6":{"start":{"line":48,"column":31},"end":{"line":56,"column":1}},"7":{"start":{"line":49,"column":18},"end":{"line":49,"column":33}},"8":{"start":{"line":51,"column":2},"end":{"line":53,"column":3}},"9":{"start":{"line":52,"column":4},"end":{"line":52,"column":32}},"10":{"start":{"line":55,"column":2},"end":{"line":55,"column":19}},"11":{"start":{"line":61,"column":30},"end":{"line":69,"column":1}},"12":{"start":{"line":62,"column":20},"end":{"line":62,"column":35}},"13":{"start":{"line":64,"column":2},"end":{"line":66,"column":3}},"14":{"start":{"line":65,"column":4},"end":{"line":65,"column":34}},"15":{"start":{"line":68,"column":2},"end":{"line":68,"column":21}}},"fnMap":{"0":{"name":"(anonymous_0)","decl":{"start":{"line":37,"column":30},"end":{"line":37,"column":31}},"loc":{"start":{"line":37,"column":36},"end":{"line":43,"column":1}},"line":37},"1":{"name":"(anonymous_1)","decl":{"start":{"line":48,"column":31},"end":{"line":48,"column":32}},"loc":{"start":{"line":48,"column":37},"end":{"line":56,"column":1}},"line":48},"2":{"name":"(anonymous_2)","decl":{"start":{"line":61,"column":30},"end":{"line":61,"column":31}},"loc":{"start":{"line":61,"column":36},"end":{"line":69,"column":1}},"line":61}},"branchMap":{},"s":{"0":0,"1":0,"2":0,"3":0,"4":0,"5":0,"6":0,"7":0,"8":0,"9":0,"10":0,"11":0,"12":0,"13":0,"14":0,"15":0},"f":{"0":0,"1":0,"2":0},"b":{}}
,"/home/grant/Desktop/projects/innolab-frontend/frontend/src/api/MockFailingApi.js": {"path":"/home/grant/Desktop/projects/innolab-frontend/frontend/src/api/MockFailingApi.js","statementMap":{},"fnMap":{},"branchMap":{},"s":{},"f":{},"b":{}}
,"/home/grant/Desktop/projects/innolab-frontend/frontend/src/api/delay.js": {"path":"/home/grant/Desktop/projects/innolab-frontend/frontend/src/api/delay.js","statementMap":{},"fnMap":{},"branchMap":{},"s":{},"f":{},"b":{}}
,"/home/grant/Desktop/projects/innolab-frontend/frontend/src/api/index.js": {"path":"/home/grant/Desktop/projects/innolab-frontend/frontend/src/api/index.js","statementMap":{},"fnMap":{},"branchMap":{"0":{"loc":{"start":{"line":4,"column":15},"end":{"line":6,"column":11}},"type":"cond-expr","locations":[{"start":{"line":5,"column":4},"end":{"line":5,"column":11}},{"start":{"line":6,"column":4},"end":{"line":6,"column":11}}],"line":4},"1":{"loc":{"start":{"line":4,"column":16},"end":{"line":4,"column":77}},"type":"binary-expr","locations":[{"start":{"line":4,"column":16},"end":{"line":4,"column":36}},{"start":{"line":4,"column":40},"end":{"line":4,"column":77}}],"line":4}},"s":{},"f":{},"b":{"0":[0,0],"1":[0,0]}}
,"/home/grant/Desktop/projects/innolab-frontend/frontend/src/components/App.js": {"path":"/home/grant/Desktop/projects/innolab-frontend/frontend/src/components/App.js","statementMap":{"0":{"start":{"line":16,"column":4},"end":{"line":21,"column":6}},"1":{"start":{"line":25,"column":0},"end":{"line":27,"column":2}}},"fnMap":{"0":{"name":"(anonymous_0)","decl":{"start":{"line":15,"column":2},"end":{"line":15,"column":3}},"loc":{"start":{"line":15,"column":11},"end":{"line":22,"column":3}},"line":15}},"branchMap":{},"s":{"0":0,"1":0},"f":{"0":0},"b":{}}
,"/home/grant/Desktop/projects/innolab-frontend/frontend/src/components/AuthLoading.js": {"path":"/home/grant/Desktop/projects/innolab-frontend/frontend/src/components/AuthLoading.js","statementMap":{"0":{"start":{"line":3,"column":20},"end":{"line":18,"column":1}},"1":{"start":{"line":5,"column":2},"end":{"line":17,"column":4}}},"fnMap":{"0":{"name":"(anonymous_0)","decl":{"start":{"line":3,"column":20},"end":{"line":3,"column":21}},"loc":{"start":{"line":3,"column":26},"end":{"line":18,"column":1}},"line":3}},"branchMap":{},"s":{"0":0,"1":0},"f":{"0":0},"b":{}}
,"/home/grant/Desktop/projects/innolab-frontend/frontend/src/components/ContentPanel.js": {"path":"/home/grant/Desktop/projects/innolab-frontend/frontend/src/components/ContentPanel.js","statementMap":{"0":{"start":{"line":14,"column":21},"end":{"line":34,"column":1}},"1":{"start":{"line":16,"column":2},"end":{"line":18,"column":20}},"2":{"start":{"line":17,"column":4},"end":{"line":17,"column":21}},"3":{"start":{"line":20,"column":19},"end":{"line":20,"column":64}},"4":{"start":{"line":21,"column":18},"end":{"line":21,"column":62}},"5":{"start":{"line":22,"column":21},"end":{"line":22,"column":66}},"6":{"start":{"line":24,"column":2},"end":{"line":33,"column":4}},"7":{"start":{"line":36,"column":0},"end":{"line":39,"column":2}},"8":{"start":{"line":41,"column":24},"end":{"line":43,"column":2}},"9":{"start":{"line":41,"column":36},"end":{"line":43,"column":1}}},"fnMap":{"0":{"name":"(anonymous_0)","decl":{"start":{"line":14,"column":21},"end":{"line":14,"column":22}},"loc":{"start":{"line":14,"column":55},"end":{"line":34,"column":1}},"line":14},"1":{"name":"(anonymous_1)","decl":{"start":{"line":16,"column":13},"end":{"line":16,"column":14}},"loc":{"start":{"line":16,"column":19},"end":{"line":18,"column":3}},"line":16},"2":{"name":"(anonymous_2)","decl":{"start":{"line":41,"column":24},"end":{"line":41,"column":25}},"loc":{"start":{"line":41,"column":36},"end":{"line":43,"column":1}},"line":41}},"branchMap":{"0":{"loc":{"start":{"line":22,"column":21},"end":{"line":22,"column":66}},"type":"binary-expr","locations":[{"start":{"line":22,"column":21},"end":{"line":22,"column":30}},{"start":{"line":22,"column":34},"end":{"line":22,"column":42}},{"start":{"line":22,"column":46},"end":{"line":22,"column":66}}],"line":22},"1":{"loc":{"start":{"line":27,"column":10},"end":{"line":27,"column":72}},"type":"binary-expr","locations":[{"start":{"line":27,"column":11},"end":{"line":27,"column":19}},{"start":{"line":27,"column":24},"end":{"line":27,"column":72}}],"line":27},"2":{"loc":{"start":{"line":28,"column":10},"end":{"line":28,"column":79}},"type":"binary-expr","locations":[{"start":{"line":28,"column":11},"end":{"line":28,"column":18}},{"start":{"line":28,"column":23},"end":{"line":28,"column":79}}],"line":28},"3":{"loc":{"start":{"line":29,"column":10},"end":{"line":29,"column":80}},"type":"binary-expr","locations":[{"start":{"line":29,"column":11},"end":{"line":29,"column":20}},{"start":{"line":29,"column":25},"end":{"line":29,"column":80}}],"line":29}},"s":{"0":0,"1":0,"2":0,"3":0,"4":0,"5":0,"6":0,"7":0,"8":0,"9":0},"f":{"0":0,"1":0,"2":0},"b":{"0":[0,0,0],"1":[0,0],"2":[0,0],"3":[0,0]}}
,"/home/grant/Desktop/projects/innolab-frontend/frontend/src/components/Header.js": {"path":"/home/grant/Desktop/projects/innolab-frontend/frontend/src/components/Header.js","statementMap":{"0":{"start":{"line":7,"column":15},"end":{"line":81,"column":1}},"1":{"start":{"line":8,"column":37},"end":{"line":8,"column":52}},"2":{"start":{"line":10,"column":2},"end":{"line":79,"column":4}},"3":{"start":{"line":24,"column":80},"end":{"line":24,"column":105}}},"fnMap":{"0":{"name":"(anonymous_0)","decl":{"start":{"line":7,"column":15},"end":{"line":7,"column":16}},"loc":{"start":{"line":7,"column":21},"end":{"line":81,"column":1}},"line":7},"1":{"name":"(anonymous_1)","decl":{"start":{"line":24,"column":74},"end":{"line":24,"column":75}},"loc":{"start":{"line":24,"column":80},"end":{"line":24,"column":105}},"line":24}},"branchMap":{"0":{"loc":{"start":{"line":29,"column":12},"end":{"line":65,"column":18}},"type":"binary-expr","locations":[{"start":{"line":29,"column":12},"end":{"line":29,"column":22}},{"start":{"line":30,"column":12},"end":{"line":65,"column":18}}],"line":29}},"s":{"0":0,"1":0,"2":0,"3":0},"f":{"0":0,"1":0},"b":{"0":[0,0]}}
,"/home/grant/Desktop/projects/innolab-frontend/frontend/src/components/Home.js": {"path":"/home/grant/Desktop/projects/innolab-frontend/frontend/src/components/Home.js","statementMap":{"0":{"start":{"line":6,"column":2},"end":{"line":10,"column":3}}},"fnMap":{"0":{"name":"Login","decl":{"start":{"line":4,"column":24},"end":{"line":4,"column":29}},"loc":{"start":{"line":4,"column":33},"end":{"line":11,"column":1}},"line":4}},"branchMap":{},"s":{"0":0},"f":{"0":0},"b":{}}
,"/home/grant/Desktop/projects/innolab-frontend/frontend/src/components/Login.js": {"path":"/home/grant/Desktop/projects/innolab-frontend/frontend/src/components/Login.js","statementMap":{"0":{"start":{"line":6,"column":2},"end":{"line":10,"column":3}}},"fnMap":{"0":{"name":"Login","decl":{"start":{"line":4,"column":24},"end":{"line":4,"column":29}},"loc":{"start":{"line":4,"column":33},"end":{"line":11,"column":1}},"line":4}},"branchMap":{},"s":{"0":0},"f":{"0":0},"b":{}}
,"/home/grant/Desktop/projects/innolab-frontend/frontend/src/components/Navigation.js": {"path":"/home/grant/Desktop/projects/innolab-frontend/frontend/src/components/Navigation.js","statementMap":{"0":{"start":{"line":4,"column":19},"end":{"line":23,"column":1}},"1":{"start":{"line":5,"column":37},"end":{"line":5,"column":52}},"2":{"start":{"line":6,"column":22},"end":{"line":6,"column":47}},"3":{"start":{"line":8,"column":2},"end":{"line":22,"column":4}},"4":{"start":{"line":10,"column":41},"end":{"line":10,"column":66}},"5":{"start":{"line":14,"column":105},"end":{"line":14,"column":122}},"6":{"start":{"line":17,"column":103},"end":{"line":17,"column":120}}},"fnMap":{"0":{"name":"(anonymous_0)","decl":{"start":{"line":4,"column":19},"end":{"line":4,"column":20}},"loc":{"start":{"line":4,"column":25},"end":{"line":23,"column":1}},"line":4},"1":{"name":"(anonymous_1)","decl":{"start":{"line":10,"column":35},"end":{"line":10,"column":36}},"loc":{"start":{"line":10,"column":41},"end":{"line":10,"column":66}},"line":10},"2":{"name":"(anonymous_2)","decl":{"start":{"line":14,"column":99},"end":{"line":14,"column":100}},"loc":{"start":{"line":14,"column":105},"end":{"line":14,"column":122}},"line":14},"3":{"name":"(anonymous_3)","decl":{"start":{"line":17,"column":97},"end":{"line":17,"column":98}},"loc":{"start":{"line":17,"column":103},"end":{"line":17,"column":120}},"line":17}},"branchMap":{"0":{"loc":{"start":{"line":11,"column":7},"end":{"line":19,"column":13}},"type":"binary-expr","locations":[{"start":{"line":11,"column":7},"end":{"line":11,"column":19}},{"start":{"line":12,"column":8},"end":{"line":19,"column":13}}],"line":11}},"s":{"0":0,"1":0,"2":0,"3":0,"4":0,"5":0,"6":0},"f":{"0":0,"1":0,"2":0,"3":0},"b":{"0":[0,0]}}
,"/home/grant/Desktop/projects/innolab-frontend/frontend/src/components/NotFoundPage.js": {"path":"/home/grant/Desktop/projects/innolab-frontend/frontend/src/components/NotFoundPage.js","statementMap":{"0":{"start":{"line":4,"column":21},"end":{"line":21,"column":1}},"1":{"start":{"line":5,"column":2},"end":{"line":20,"column":4}},"2":{"start":{"line":15,"column":23},"end":{"line":15,"column":40}}},"fnMap":{"0":{"name":"(anonymous_0)","decl":{"start":{"line":4,"column":21},"end":{"line":4,"column":22}},"loc":{"start":{"line":4,"column":27},"end":{"line":21,"column":1}},"line":4},"1":{"name":"(anonymous_1)","decl":{"start":{"line":15,"column":17},"end":{"line":15,"column":18}},"loc":{"start":{"line":15,"column":23},"end":{"line":15,"column":40}},"line":15}},"branchMap":{},"s":{"0":0,"1":0,"2":0},"f":{"0":0,"1":0},"b":{}}
,"/home/grant/Desktop/projects/innolab-frontend/frontend/src/components/Root.js": {"path":"/home/grant/Desktop/projects/innolab-frontend/frontend/src/components/Root.js","statementMap":{"0":{"start":{"line":11,"column":31},"end":{"line":11,"column":41}},"1":{"start":{"line":12,"column":4},"end":{"line":18,"column":6}},"2":{"start":{"line":22,"column":0},"end":{"line":25,"column":2}}},"fnMap":{"0":{"name":"(anonymous_0)","decl":{"start":{"line":10,"column":2},"end":{"line":10,"column":3}},"loc":{"start":{"line":10,"column":11},"end":{"line":19,"column":3}},"line":10}},"branchMap":{},"s":{"0":0,"1":0,"2":0},"f":{"0":0},"b":{}}
,"/home/grant/Desktop/projects/innolab-frontend/frontend/src/constants/actionTypes.js": {"path":"/home/grant/Desktop/projects/innolab-frontend/frontend/src/constants/actionTypes.js","statementMap":{"0":{"start":{"line":3,"column":33},"end":{"line":3,"column":52}},"1":{"start":{"line":4,"column":41},"end":{"line":4,"column":68}},"2":{"start":{"line":5,"column":41},"end":{"line":5,"column":68}}},"fnMap":{},"branchMap":{},"s":{"0":0,"1":0,"2":0},"f":{},"b":{}}
,"/home/grant/Desktop/projects/innolab-frontend/frontend/src/constants/index.js": {"path":"/home/grant/Desktop/projects/innolab-frontend/frontend/src/constants/index.js","statementMap":{"0":{"start":{"line":2,"column":25},"end":{"line":5,"column":1}}},"fnMap":{},"branchMap":{},"s":{"0":0},"f":{},"b":{}}
,"/home/grant/Desktop/projects/innolab-frontend/frontend/src/reducers/CurrentUserReducer.js": {"path":"/home/grant/Desktop/projects/innolab-frontend/frontend/src/reducers/CurrentUserReducer.js","statementMap":{"0":{"start":{"line":9,"column":27},"end":{"line":33,"column":1}},"1":{"start":{"line":10,"column":2},"end":{"line":32,"column":3}},"2":{"start":{"line":13,"column":6},"end":{"line":13,"column":19}},"3":{"start":{"line":16,"column":6},"end":{"line":22,"column":8}},"4":{"start":{"line":25,"column":6},"end":{"line":28,"column":8}},"5":{"start":{"line":31,"column":6},"end":{"line":31,"column":19}}},"fnMap":{"0":{"name":"(anonymous_0)","decl":{"start":{"line":9,"column":27},"end":{"line":9,"column":28}},"loc":{"start":{"line":9,"column":71},"end":{"line":33,"column":1}},"line":9}},"branchMap":{"0":{"loc":{"start":{"line":9,"column":28},"end":{"line":9,"column":58}},"type":"default-arg","locations":[{"start":{"line":9,"column":34},"end":{"line":9,"column":58}}],"line":9},"1":{"loc":{"start":{"line":10,"column":2},"end":{"line":32,"column":3}},"type":"switch","locations":[{"start":{"line":11,"column":4},"end":{"line":13,"column":19}},{"start":{"line":15,"column":4},"end":{"line":22,"column":8}},{"start":{"line":24,"column":4},"end":{"line":28,"column":8}},{"start":{"line":30,"column":4},"end":{"line":31,"column":19}}],"line":10}},"s":{"0":0,"1":0,"2":0,"3":0,"4":0,"5":0},"f":{"0":0},"b":{"0":[0],"1":[0,0,0,0]}}
,"/home/grant/Desktop/projects/innolab-frontend/frontend/src/reducers/index.js": {"path":"/home/grant/Desktop/projects/innolab-frontend/frontend/src/reducers/index.js","statementMap":{},"fnMap":{},"branchMap":{},"s":{},"f":{},"b":{}}
,"/home/grant/Desktop/projects/innolab-frontend/frontend/src/reducers/initialState.js": {"path":"/home/grant/Desktop/projects/innolab-frontend/frontend/src/reducers/initialState.js","statementMap":{},"fnMap":{},"branchMap":{},"s":{},"f":{},"b":{}}
,"/home/grant/Desktop/projects/innolab-frontend/frontend/src/store/configureStore.js": {"path":"/home/grant/Desktop/projects/innolab-frontend/frontend/src/store/configureStore.js","statementMap":{"0":{"start":{"line":9,"column":23},"end":{"line":11,"column":26}},"1":{"start":{"line":12,"column":29},"end":{"line":12,"column":51}},"2":{"start":{"line":67,"column":23},"end":{"line":67,"column":101}}},"fnMap":{},"branchMap":{"0":{"loc":{"start":{"line":9,"column":23},"end":{"line":11,"column":26}},"type":"cond-expr","locations":[{"start":{"line":10,"column":4},"end":{"line":10,"column":25}},{"start":{"line":11,"column":4},"end":{"line":11,"column":26}}],"line":9},"1":{"loc":{"start":{"line":9,"column":24},"end":{"line":9,"column":79}},"type":"binary-expr","locations":[{"start":{"line":9,"column":24},"end":{"line":9,"column":44}},{"start":{"line":9,"column":48},"end":{"line":9,"column":79}}],"line":9},"2":{"loc":{"start":{"line":67,"column":23},"end":{"line":67,"column":101}},"type":"cond-expr","locations":[{"start":{"line":67,"column":63},"end":{"line":67,"column":81}},{"start":{"line":67,"column":84},"end":{"line":67,"column":101}}],"line":67}},"s":{"0":0,"1":0,"2":0},"f":{},"b":{"0":[0,0],"1":[0,0],"2":[0,0]}}
,"/home/grant/Desktop/projects/innolab-frontend/frontend/src/utils/helpers.js": {"path":"/home/grant/Desktop/projects/innolab-frontend/frontend/src/utils/helpers.js","statementMap":{"0":{"start":{"line":7,"column":0},"end":{"line":7,"column":27}},"1":{"start":{"line":17,"column":23},"end":{"line":22,"column":1}},"2":{"start":{"line":18,"column":2},"end":{"line":21,"column":24}},"3":{"start":{"line":31,"column":23},"end":{"line":36,"column":1}},"4":{"start":{"line":32,"column":19},"end":{"line":32,"column":30}},"5":{"start":{"line":33,"column":14},"end":{"line":33,"column":31}},"6":{"start":{"line":35,"column":2},"end":{"line":35,"column":28}},"7":{"start":{"line":45,"column":32},"end":{"line":61,"column":1}},"8":{"start":{"line":46,"column":15},"end":{"line":46,"column":17}},"9":{"start":{"line":48,"column":2},"end":{"line":58,"column":3}},"10":{"start":{"line":49,"column":20},"end":{"line":49,"column":33}},"11":{"start":{"line":51,"column":4},"end":{"line":57,"column":7}},"12":{"start":{"line":52,"column":6},"end":{"line":56,"column":7}},"13":{"start":{"line":53,"column":8},"end":{"line":53,"column":34}},"14":{"start":{"line":55,"column":8},"end":{"line":55,"column":34}},"15":{"start":{"line":60,"column":2},"end":{"line":60,"column":16}}},"fnMap":{"0":{"name":"(anonymous_0)","decl":{"start":{"line":17,"column":23},"end":{"line":17,"column":24}},"loc":{"start":{"line":18,"column":2},"end":{"line":21,"column":24}},"line":18},"1":{"name":"(anonymous_1)","decl":{"start":{"line":31,"column":23},"end":{"line":31,"column":24}},"loc":{"start":{"line":31,"column":33},"end":{"line":36,"column":1}},"line":31},"2":{"name":"(anonymous_2)","decl":{"start":{"line":45,"column":32},"end":{"line":45,"column":33}},"loc":{"start":{"line":45,"column":41},"end":{"line":61,"column":1}},"line":45},"3":{"name":"(anonymous_3)","decl":{"start":{"line":51,"column":21},"end":{"line":51,"column":22}},"loc":{"start":{"line":51,"column":33},"end":{"line":57,"column":5}},"line":51}},"branchMap":{"0":{"loc":{"start":{"line":18,"column":2},"end":{"line":21,"column":24}},"type":"binary-expr","locations":[{"start":{"line":18,"column":2},"end":{"line":18,"column":11}},{"start":{"line":19,"column":5},"end":{"line":19,"column":22}},{"start":{"line":20,"column":5},"end":{"line":20,"column":34}},{"start":{"line":21,"column":5},"end":{"line":21,"column":24}}],"line":18},"1":{"loc":{"start":{"line":48,"column":2},"end":{"line":58,"column":3}},"type":"if","locations":[{"start":{"line":48,"column":2},"end":{"line":58,"column":3}},{"start":{},"end":{}}],"line":48},"2":{"loc":{"start":{"line":48,"column":6},"end":{"line":48,"column":26}},"type":"binary-expr","locations":[{"start":{"line":48,"column":6},"end":{"line":48,"column":9}},{"start":{"line":48,"column":13},"end":{"line":48,"column":26}}],"line":48},"3":{"loc":{"start":{"line":52,"column":6},"end":{"line":56,"column":7}},"type":"if","locations":[{"start":{"line":52,"column":6},"end":{"line":56,"column":7}},{"start":{"line":54,"column":13},"end":{"line":56,"column":7}}],"line":52}},"s":{"0":0,"1":0,"2":0,"3":0,"4":0,"5":0,"6":0,"7":0,"8":0,"9":0,"10":0,"11":0,"12":0,"13":0,"14":0,"15":0},"f":{"0":0,"1":0,"2":0,"3":0},"b":{"0":[0,0,0,0],"1":[0,0],"2":[0,0],"3":[0,0]}}
}
