TN:
SF:src/App.js
FN:11,App
FN:13,updatePage
FNF:2
FNH:0
FNDA:0,App
FNDA:0,updatePage
DA:9,0
DA:12,0
DA:14,0
DA:17,0
LF:4
LH:0
BRF:0
BRH:0
end_of_record
TN:
SF:src/index.js
FNF:0
FNH:0
LF:0
LH:0
BRF:0
BRH:0
end_of_record
TN:
SF:src/webpack-public-path.js
FNF:0
FNH:0
LF:0
LH:0
BRF:0
BRH:0
end_of_record
TN:
SF:src/actions/index.js
FN:13,(anonymous_0)
FN:14,(anonymous_1)
FNF:2
FNH:2
FNDA:1,(anonymous_0)
FNDA:1,(anonymous_1)
DA:13,3
DA:14,1
DA:15,1
DA:17,1
DA:18,1
DA:20,1
DA:21,1
DA:23,0
DA:30,0
LF:9
LH:7
BRDA:20,0,0,1
BRDA:20,0,1,0
BRDA:20,1,0,1
BRDA:20,1,1,1
BRF:4
BRH:3
end_of_record
TN:
SF:src/api/MainApi.js
FN:14,(anonymous_0)
FN:15,(anonymous_1)
FN:17,(anonymous_2)
FN:24,(anonymous_3)
FNF:4
FNH:3
FNDA:1,(anonymous_0)
FNDA:1,(anonymous_1)
FNDA:1,(anonymous_2)
FNDA:0,(anonymous_3)
DA:4,4
DA:15,1
DA:16,1
DA:18,1
DA:19,1
DA:21,0
DA:25,0
LF:7
LH:5
BRDA:18,0,0,1
BRDA:18,0,1,0
BRF:2
BRH:1
end_of_record
TN:
SF:src/api/MockApi.js
FN:15,(anonymous_0)
FN:17,(anonymous_1)
FN:18,(anonymous_2)
FNF:3
FNH:3
FNDA:1,(anonymous_0)
FNDA:1,(anonymous_1)
FNDA:1,(anonymous_2)
DA:17,1
DA:18,1
DA:19,1
DA:20,1
DA:21,0
DA:22,1
DA:23,0
DA:24,1
DA:26,1
DA:28,0
DA:31,0
LF:11
LH:7
BRDA:15,0,0,1
BRDA:15,1,0,1
BRDA:15,2,0,1
BRDA:15,3,0,1
BRDA:19,4,0,1
BRDA:19,4,1,0
BRDA:20,5,0,0
BRDA:20,5,1,1
BRDA:22,6,0,0
BRDA:22,6,1,1
BRDA:24,7,0,1
BRDA:24,7,1,0
BRF:12
BRH:8
end_of_record
TN:
SF:src/api/MockApiData.js
FN:37,(anonymous_0)
FN:48,(anonymous_1)
FN:61,(anonymous_2)
FNF:3
FNH:0
FNDA:0,(anonymous_0)
FNDA:0,(anonymous_1)
FNDA:0,(anonymous_2)
DA:8,6
DA:37,6
DA:38,0
DA:39,0
DA:40,0
DA:42,0
DA:48,6
DA:49,0
DA:51,0
DA:52,0
DA:55,0
DA:61,6
DA:62,0
DA:64,0
DA:65,0
DA:68,0
LF:16
LH:4
BRF:0
BRH:0
end_of_record
TN:
SF:src/api/MockFailingApi.js
FNF:0
FNH:0
LF:0
LH:0
BRF:0
BRH:0
end_of_record
TN:
SF:src/api/delay.js
FNF:0
FNH:0
LF:0
LH:0
BRF:0
BRH:0
end_of_record
TN:
SF:src/api/index.js
FNF:0
FNH:0
LF:0
LH:0
BRDA:4,0,0,3
BRDA:4,0,1,0
BRDA:4,1,0,3
BRDA:4,1,1,3
BRF:4
BRH:3
end_of_record
TN:
SF:src/components/App.js
FN:15,(anonymous_0)
FNF:1
FNH:1
FNDA:1,(anonymous_0)
DA:16,1
DA:26,2
LF:2
LH:2
BRF:0
BRH:0
end_of_record
TN:
SF:src/components/AuthLoading.js
FN:3,(anonymous_0)
FNF:1
FNH:1
FNDA:1,(anonymous_0)
DA:3,3
DA:5,1
LF:2
LH:2
BRF:0
BRH:0
end_of_record
TN:
SF:src/components/ContentPanel.js
FN:14,(anonymous_0)
FN:16,(anonymous_1)
FN:42,(anonymous_2)
FNF:3
FNH:0
FNDA:0,(anonymous_0)
FNDA:0,(anonymous_1)
FNDA:0,(anonymous_2)
DA:14,2
DA:16,0
DA:17,0
DA:20,0
DA:21,0
DA:22,0
DA:24,0
DA:37,2
DA:42,2
LF:9
LH:3
BRDA:22,0,0,0
BRDA:22,0,1,0
BRDA:22,0,2,0
BRDA:27,1,0,0
BRDA:27,1,1,0
BRDA:28,2,0,0
BRDA:28,2,1,0
BRDA:29,3,0,0
BRDA:29,3,1,0
BRF:9
BRH:0
end_of_record
TN:
SF:src/components/Header.js
FN:5,(anonymous_0)
FNF:1
FNH:1
FNDA:2,(anonymous_0)
DA:5,3
DA:6,2
DA:8,2
LF:3
LH:3
BRF:0
BRH:0
end_of_record
TN:
SF:src/components/Home.js
FN:4,Home
FNF:1
FNH:0
FNDA:0,Home
DA:6,0
LF:1
LH:0
BRF:0
BRH:0
end_of_record
TN:
SF:src/components/Login.js
FN:4,Login
FNF:1
FNH:0
FNDA:0,Login
DA:6,0
LF:1
LH:0
BRF:0
BRH:0
end_of_record
TN:
SF:src/components/Navigation.js
FN:4,(anonymous_0)
FN:10,(anonymous_1)
FN:14,(anonymous_2)
FN:17,(anonymous_3)
FNF:4
FNH:3
FNDA:6,(anonymous_0)
FNDA:2,(anonymous_1)
FNDA:1,(anonymous_2)
FNDA:0,(anonymous_3)
DA:4,4
DA:5,6
DA:6,6
DA:8,6
DA:10,2
DA:14,1
DA:17,0
LF:7
LH:6
BRDA:11,0,0,6
BRDA:11,0,1,2
BRF:2
BRH:2
end_of_record
TN:
SF:src/components/NotFoundPage.js
FN:4,(anonymous_0)
FN:15,(anonymous_1)
FNF:2
FNH:2
FNDA:2,(anonymous_0)
FNDA:1,(anonymous_1)
DA:4,3
DA:5,2
DA:15,1
LF:3
LH:3
BRF:0
BRH:0
end_of_record
TN:
SF:src/components/Root.js
FN:10,(anonymous_0)
FNF:1
FNH:1
FNDA:1,(anonymous_0)
DA:11,1
DA:12,1
DA:22,1
LF:3
LH:3
BRF:0
BRH:0
end_of_record
TN:
SF:src/components/Home/Home.js
FN:3,Home
FNF:1
FNH:0
FNDA:0,Home
DA:4,0
LF:1
LH:0
BRF:0
BRH:0
end_of_record
TN:
SF:src/components/Navigation/Navigation.js
FN:5,Navigation
FNF:1
FNH:0
FNDA:0,Navigation
DA:6,0
DA:8,0
LF:2
LH:0
BRDA:18,0,0,0
BRDA:18,0,1,0
BRF:2
BRH:0
end_of_record
TN:
SF:src/constants/actionTypes.js
FNF:0
FNH:0
DA:3,7
DA:4,7
DA:5,7
LF:3
LH:3
BRF:0
BRH:0
end_of_record
TN:
SF:src/constants/index.js
FNF:0
FNH:0
DA:2,2
LF:1
LH:1
BRF:0
BRH:0
end_of_record
TN:
SF:src/reducers/CurrentUserReducer.js
FN:9,(anonymous_0)
FNF:1
FNH:1
FNDA:8,(anonymous_0)
DA:9,7
DA:10,8
DA:13,2
DA:16,2
DA:25,1
DA:31,3
LF:6
LH:6
BRDA:9,0,0,6
BRDA:10,1,0,2
BRDA:10,1,1,2
BRDA:10,1,2,1
BRDA:10,1,3,3
BRF:5
BRH:5
end_of_record
TN:
SF:src/reducers/index.js
FNF:0
FNH:0
LF:0
LH:0
BRF:0
BRH:0
end_of_record
TN:
SF:src/reducers/initialState.js
FNF:0
FNH:0
LF:0
LH:0
BRF:0
BRH:0
end_of_record
TN:
SF:src/store/configureStore.js
FNF:0
FNH:0
DA:9,5
DA:12,5
DA:67,5
LF:3
LH:3
BRDA:9,0,0,5
BRDA:9,0,1,0
BRDA:9,1,0,5
BRDA:9,1,1,5
BRDA:67,2,0,0
BRDA:67,2,1,5
BRF:6
BRH:4
end_of_record
TN:
SF:src/utils/helpers.js
FN:17,(anonymous_0)
FN:31,(anonymous_1)
FN:45,(anonymous_2)
FN:51,(anonymous_3)
FNF:4
FNH:4
FNDA:9,(anonymous_0)
FNDA:2,(anonymous_1)
FNDA:7,(anonymous_2)
FNDA:71,(anonymous_3)
DA:7,3
DA:17,3
DA:18,9
DA:31,3
DA:32,2
DA:33,2
DA:35,2
DA:45,3
DA:46,7
DA:48,7
DA:49,5
DA:51,5
DA:52,71
DA:53,5
DA:55,66
DA:60,7
LF:16
LH:16
BRDA:18,0,0,9
BRDA:18,0,1,8
BRDA:18,0,2,8
BRDA:18,0,3,7
BRDA:48,1,0,5
BRDA:48,1,1,2
BRDA:48,2,0,7
BRDA:48,2,1,5
BRDA:52,3,0,5
BRDA:52,3,1,66
BRF:10
BRH:10
end_of_record
